2020-04-10 14:39:36.058  INFO 2012 --- [restartedMain] by.bobruisk.homework.MainApplication     : Starting MainApplication on DESKTOP-V4GK2G9 with PID 2012 (D:\EclipseWorkspace\mySiteProject\target\classes started by spiralscout in D:\EclipseWorkspace\mySiteProject)
2020-04-10 14:39:36.067  INFO 2012 --- [restartedMain] by.bobruisk.homework.MainApplication     : No active profile set, falling back to default profiles: default
2020-04-10 14:39:36.148  INFO 2012 --- [restartedMain] o.s.b.devtools.restart.ChangeableUrls    : The Class-Path manifest attribute in C:\Users\spiralscout\.m2\repository\org\glassfish\jaxb\jaxb-runtime\2.3.2\jaxb-runtime-2.3.2.jar referenced one or more files that do not exist: file:/C:/Users/spiralscout/.m2/repository/org/glassfish/jaxb/jaxb-runtime/2.3.2/jakarta.xml.bind-api-2.3.2.jar,file:/C:/Users/spiralscout/.m2/repository/org/glassfish/jaxb/jaxb-runtime/2.3.2/txw2-2.3.2.jar,file:/C:/Users/spiralscout/.m2/repository/org/glassfish/jaxb/jaxb-runtime/2.3.2/istack-commons-runtime-3.0.8.jar,file:/C:/Users/spiralscout/.m2/repository/org/glassfish/jaxb/jaxb-runtime/2.3.2/stax-ex-1.8.1.jar,file:/C:/Users/spiralscout/.m2/repository/org/glassfish/jaxb/jaxb-runtime/2.3.2/FastInfoset-1.2.16.jar,file:/C:/Users/spiralscout/.m2/repository/org/glassfish/jaxb/jaxb-runtime/2.3.2/jakarta.activation-api-1.2.1.jar
2020-04-10 14:39:36.149  INFO 2012 --- [restartedMain] .e.DevToolsPropertyDefaultsPostProcessor : Devtools property defaults active! Set 'spring.devtools.add-properties' to 'false' to disable
2020-04-10 14:39:36.150  INFO 2012 --- [restartedMain] .e.DevToolsPropertyDefaultsPostProcessor : For additional web related logging consider setting the 'logging.level.web' property to 'DEBUG'
2020-04-10 14:39:37.308  INFO 2012 --- [restartedMain] .s.d.r.c.RepositoryConfigurationDelegate : Bootstrapping Spring Data repositories in DEFAULT mode.
2020-04-10 14:39:37.465  INFO 2012 --- [restartedMain] .s.d.r.c.RepositoryConfigurationDelegate : Finished Spring Data repository scanning in 141ms. Found 6 repository interfaces.
2020-04-10 14:39:37.892  INFO 2012 --- [restartedMain] trationDelegate$BeanPostProcessorChecker : Bean 'org.springframework.transaction.annotation.ProxyTransactionManagementConfiguration' of type [org.springframework.transaction.annotation.ProxyTransactionManagementConfiguration] is not eligible for getting processed by all BeanPostProcessors (for example: not eligible for auto-proxying)
2020-04-10 14:39:38.354  INFO 2012 --- [restartedMain] o.s.b.w.embedded.tomcat.TomcatWebServer  : Tomcat initialized with port(s): 8080 (http)
2020-04-10 14:39:38.372  INFO 2012 --- [restartedMain] o.apache.catalina.core.StandardService   : Starting service [Tomcat]
2020-04-10 14:39:38.373  INFO 2012 --- [restartedMain] org.apache.catalina.core.StandardEngine  : Starting Servlet engine: [Apache Tomcat/9.0.27]
2020-04-10 14:39:38.730  INFO 2012 --- [restartedMain] org.apache.jasper.servlet.TldScanner     : At least one JAR was scanned for TLDs yet contained no TLDs. Enable debug logging for this logger for a complete list of JARs that were scanned but no TLDs were found in them. Skipping unneeded JARs during scanning can improve startup time and JSP compilation time.
2020-04-10 14:39:38.745  INFO 2012 --- [restartedMain] o.a.c.c.C.[Tomcat].[localhost].[/]       : Initializing Spring embedded WebApplicationContext
2020-04-10 14:39:38.745  INFO 2012 --- [restartedMain] o.s.web.context.ContextLoader            : Root WebApplicationContext: initialization completed in 2595 ms
2020-04-10 14:39:38.992  INFO 2012 --- [restartedMain] o.hibernate.jpa.internal.util.LogHelper  : HHH000204: Processing PersistenceUnitInfo [name: default]
2020-04-10 14:39:39.086  INFO 2012 --- [restartedMain] org.hibernate.Version                    : HHH000412: Hibernate Core {5.4.8.Final}
2020-04-10 14:39:39.232  INFO 2012 --- [restartedMain] o.hibernate.annotations.common.Version   : HCANN000001: Hibernate Commons Annotations {5.1.0.Final}
2020-04-10 14:39:39.358  INFO 2012 --- [restartedMain] com.zaxxer.hikari.HikariDataSource       : HikariPool-1 - Starting...
2020-04-10 14:39:39.427  WARN 2012 --- [restartedMain] o.h.e.j.e.i.JdbcEnvironmentInitiator     : HHH000342: Could not obtain connection to query metadata : Driver com.mysql.cj.jdbc.Driver claims to not accept jdbcUrl, mysql://node59245-mysite.mycloud.by/printer_service?useUnicode=yes&characterEncoding=UTF-8:jdbc:mysql://localhost:3306/printer_service?useSSL=false&serverTimezone=UTC&allowPublicKeyRetrieval=true
2020-04-10 14:39:39.443  INFO 2012 --- [restartedMain] org.hibernate.dialect.Dialect            : HHH000400: Using dialect: org.hibernate.dialect.MySQL5Dialect
2020-04-10 14:39:40.740  INFO 2012 --- [restartedMain] com.zaxxer.hikari.HikariDataSource       : HikariPool-1 - Starting...
2020-04-10 14:39:40.745  WARN 2012 --- [restartedMain] ConfigServletWebServerApplicationContext : Exception encountered during context initialization - cancelling refresh attempt: org.springframework.beans.factory.BeanCreationException: Error creating bean with name 'entityManagerFactory' defined in class path resource [org/springframework/boot/autoconfigure/orm/jpa/HibernateJpaConfiguration.class]: Invocation of init method failed; nested exception is javax.persistence.PersistenceException: [PersistenceUnit: default] Unable to build Hibernate SessionFactory; nested exception is java.lang.RuntimeException: Driver com.mysql.cj.jdbc.Driver claims to not accept jdbcUrl, mysql://node59245-mysite.mycloud.by/printer_service?useUnicode=yes&characterEncoding=UTF-8:jdbc:mysql://localhost:3306/printer_service?useSSL=false&serverTimezone=UTC&allowPublicKeyRetrieval=true
2020-04-10 14:39:40.748  INFO 2012 --- [restartedMain] o.apache.catalina.core.StandardService   : Stopping service [Tomcat]
2020-04-10 14:39:40.773  INFO 2012 --- [restartedMain] ConditionEvaluationReportLoggingListener : 

Error starting ApplicationContext. To display the conditions report re-run your application with 'debug' enabled.
2020-04-10 14:39:40.786 ERROR 2012 --- [restartedMain] o.s.boot.SpringApplication               : Application run failed

org.springframework.beans.factory.BeanCreationException: Error creating bean with name 'entityManagerFactory' defined in class path resource [org/springframework/boot/autoconfigure/orm/jpa/HibernateJpaConfiguration.class]: Invocation of init method failed; nested exception is javax.persistence.PersistenceException: [PersistenceUnit: default] Unable to build Hibernate SessionFactory; nested exception is java.lang.RuntimeException: Driver com.mysql.cj.jdbc.Driver claims to not accept jdbcUrl, mysql://node59245-mysite.mycloud.by/printer_service?useUnicode=yes&characterEncoding=UTF-8:jdbc:mysql://localhost:3306/printer_service?useSSL=false&serverTimezone=UTC&allowPublicKeyRetrieval=true
	at org.springframework.beans.factory.support.AbstractAutowireCapableBeanFactory.initializeBean(AbstractAutowireCapableBeanFactory.java:1803) ~[spring-beans-5.2.1.RELEASE.jar:5.2.1.RELEASE]
	at org.springframework.beans.factory.support.AbstractAutowireCapableBeanFactory.doCreateBean(AbstractAutowireCapableBeanFactory.java:595) ~[spring-beans-5.2.1.RELEASE.jar:5.2.1.RELEASE]
	at org.springframework.beans.factory.support.AbstractAutowireCapableBeanFactory.createBean(AbstractAutowireCapableBeanFactory.java:517) ~[spring-beans-5.2.1.RELEASE.jar:5.2.1.RELEASE]
	at org.springframework.beans.factory.support.AbstractBeanFactory.lambda$doGetBean$0(AbstractBeanFactory.java:323) ~[spring-beans-5.2.1.RELEASE.jar:5.2.1.RELEASE]
	at org.springframework.beans.factory.support.DefaultSingletonBeanRegistry.getSingleton(DefaultSingletonBeanRegistry.java:222) ~[spring-beans-5.2.1.RELEASE.jar:5.2.1.RELEASE]
	at org.springframework.beans.factory.support.AbstractBeanFactory.doGetBean(AbstractBeanFactory.java:321) ~[spring-beans-5.2.1.RELEASE.jar:5.2.1.RELEASE]
	at org.springframework.beans.factory.support.AbstractBeanFactory.getBean(AbstractBeanFactory.java:202) ~[spring-beans-5.2.1.RELEASE.jar:5.2.1.RELEASE]
	at org.springframework.context.support.AbstractApplicationContext.getBean(AbstractApplicationContext.java:1108) ~[spring-context-5.2.1.RELEASE.jar:5.2.1.RELEASE]
	at org.springframework.context.support.AbstractApplicationContext.finishBeanFactoryInitialization(AbstractApplicationContext.java:868) ~[spring-context-5.2.1.RELEASE.jar:5.2.1.RELEASE]
	at org.springframework.context.support.AbstractApplicationContext.refresh(AbstractApplicationContext.java:550) ~[spring-context-5.2.1.RELEASE.jar:5.2.1.RELEASE]
	at org.springframework.boot.web.servlet.context.ServletWebServerApplicationContext.refresh(ServletWebServerApplicationContext.java:141) ~[spring-boot-2.2.1.RELEASE.jar:2.2.1.RELEASE]
	at org.springframework.boot.SpringApplication.refresh(SpringApplication.java:747) [spring-boot-2.2.1.RELEASE.jar:2.2.1.RELEASE]
	at org.springframework.boot.SpringApplication.refreshContext(SpringApplication.java:397) [spring-boot-2.2.1.RELEASE.jar:2.2.1.RELEASE]
	at org.springframework.boot.SpringApplication.run(SpringApplication.java:315) [spring-boot-2.2.1.RELEASE.jar:2.2.1.RELEASE]
	at org.springframework.boot.SpringApplication.run(SpringApplication.java:1226) [spring-boot-2.2.1.RELEASE.jar:2.2.1.RELEASE]
	at org.springframework.boot.SpringApplication.run(SpringApplication.java:1215) [spring-boot-2.2.1.RELEASE.jar:2.2.1.RELEASE]
	at by.bobruisk.homework.MainApplication.main(MainApplication.java:18) [classes/:na]
	at java.base/jdk.internal.reflect.NativeMethodAccessorImpl.invoke0(Native Method) ~[na:na]
	at java.base/jdk.internal.reflect.NativeMethodAccessorImpl.invoke(NativeMethodAccessorImpl.java:62) ~[na:na]
	at java.base/jdk.internal.reflect.DelegatingMethodAccessorImpl.invoke(DelegatingMethodAccessorImpl.java:43) ~[na:na]
	at java.base/java.lang.reflect.Method.invoke(Method.java:564) ~[na:na]
	at org.springframework.boot.devtools.restart.RestartLauncher.run(RestartLauncher.java:49) [spring-boot-devtools-2.2.1.RELEASE.jar:2.2.1.RELEASE]
Caused by: javax.persistence.PersistenceException: [PersistenceUnit: default] Unable to build Hibernate SessionFactory; nested exception is java.lang.RuntimeException: Driver com.mysql.cj.jdbc.Driver claims to not accept jdbcUrl, mysql://node59245-mysite.mycloud.by/printer_service?useUnicode=yes&characterEncoding=UTF-8:jdbc:mysql://localhost:3306/printer_service?useSSL=false&serverTimezone=UTC&allowPublicKeyRetrieval=true
	at org.springframework.orm.jpa.AbstractEntityManagerFactoryBean.buildNativeEntityManagerFactory(AbstractEntityManagerFactoryBean.java:403) ~[spring-orm-5.2.1.RELEASE.jar:5.2.1.RELEASE]
	at org.springframework.orm.jpa.AbstractEntityManagerFactoryBean.afterPropertiesSet(AbstractEntityManagerFactoryBean.java:378) ~[spring-orm-5.2.1.RELEASE.jar:5.2.1.RELEASE]
	at org.springframework.orm.jpa.LocalContainerEntityManagerFactoryBean.afterPropertiesSet(LocalContainerEntityManagerFactoryBean.java:341) ~[spring-orm-5.2.1.RELEASE.jar:5.2.1.RELEASE]
	at org.springframework.beans.factory.support.AbstractAutowireCapableBeanFactory.invokeInitMethods(AbstractAutowireCapableBeanFactory.java:1862) ~[spring-beans-5.2.1.RELEASE.jar:5.2.1.RELEASE]
	at org.springframework.beans.factory.support.AbstractAutowireCapableBeanFactory.initializeBean(AbstractAutowireCapableBeanFactory.java:1799) ~[spring-beans-5.2.1.RELEASE.jar:5.2.1.RELEASE]
	... 21 common frames omitted
Caused by: java.lang.RuntimeException: Driver com.mysql.cj.jdbc.Driver claims to not accept jdbcUrl, mysql://node59245-mysite.mycloud.by/printer_service?useUnicode=yes&characterEncoding=UTF-8:jdbc:mysql://localhost:3306/printer_service?useSSL=false&serverTimezone=UTC&allowPublicKeyRetrieval=true
	at com.zaxxer.hikari.util.DriverDataSource.<init>(DriverDataSource.java:110) ~[HikariCP-3.4.1.jar:na]
	at com.zaxxer.hikari.pool.PoolBase.initializeDataSource(PoolBase.java:320) ~[HikariCP-3.4.1.jar:na]
	at com.zaxxer.hikari.pool.PoolBase.<init>(PoolBase.java:109) ~[HikariCP-3.4.1.jar:na]
	at com.zaxxer.hikari.pool.HikariPool.<init>(HikariPool.java:108) ~[HikariCP-3.4.1.jar:na]
	at com.zaxxer.hikari.HikariDataSource.getConnection(HikariDataSource.java:112) ~[HikariCP-3.4.1.jar:na]
	at org.hibernate.engine.jdbc.connections.internal.DatasourceConnectionProviderImpl.getConnection(DatasourceConnectionProviderImpl.java:122) ~[hibernate-core-5.4.8.Final.jar:5.4.8.Final]
	at org.hibernate.engine.jdbc.env.internal.JdbcEnvironmentInitiator$ConnectionProviderJdbcConnectionAccess.obtainConnection(JdbcEnvironmentInitiator.java:180) ~[hibernate-core-5.4.8.Final.jar:5.4.8.Final]
	at org.hibernate.resource.transaction.backend.jdbc.internal.DdlTransactionIsolatorNonJtaImpl.getIsolatedConnection(DdlTransactionIsolatorNonJtaImpl.java:43) ~[hibernate-core-5.4.8.Final.jar:5.4.8.Final]
	at org.hibernate.tool.schema.internal.exec.ImprovedExtractionContextImpl.getJdbcConnection(ImprovedExtractionContextImpl.java:60) ~[hibernate-core-5.4.8.Final.jar:5.4.8.Final]
	at org.hibernate.tool.schema.internal.exec.ImprovedExtractionContextImpl.getJdbcDatabaseMetaData(ImprovedExtractionContextImpl.java:67) ~[hibernate-core-5.4.8.Final.jar:5.4.8.Final]
	at org.hibernate.tool.schema.extract.internal.InformationExtractorJdbcDatabaseMetaDataImpl.getTables(InformationExtractorJdbcDatabaseMetaDataImpl.java:333) ~[hibernate-core-5.4.8.Final.jar:5.4.8.Final]
	at org.hibernate.tool.schema.extract.internal.DatabaseInformationImpl.getTablesInformation(DatabaseInformationImpl.java:120) ~[hibernate-core-5.4.8.Final.jar:5.4.8.Final]
	at org.hibernate.tool.schema.internal.GroupedSchemaMigratorImpl.performTablesMigration(GroupedSchemaMigratorImpl.java:65) ~[hibernate-core-5.4.8.Final.jar:5.4.8.Final]
	at org.hibernate.tool.schema.internal.AbstractSchemaMigrator.performMigration(AbstractSchemaMigrator.java:207) ~[hibernate-core-5.4.8.Final.jar:5.4.8.Final]
	at org.hibernate.tool.schema.internal.AbstractSchemaMigrator.doMigration(AbstractSchemaMigrator.java:114) ~[hibernate-core-5.4.8.Final.jar:5.4.8.Final]
	at org.hibernate.tool.schema.spi.SchemaManagementToolCoordinator.performDatabaseAction(SchemaManagementToolCoordinator.java:184) ~[hibernate-core-5.4.8.Final.jar:5.4.8.Final]
	at org.hibernate.tool.schema.spi.SchemaManagementToolCoordinator.process(SchemaManagementToolCoordinator.java:73) ~[hibernate-core-5.4.8.Final.jar:5.4.8.Final]
	at org.hibernate.internal.SessionFactoryImpl.<init>(SessionFactoryImpl.java:320) ~[hibernate-core-5.4.8.Final.jar:5.4.8.Final]
	at org.hibernate.boot.internal.SessionFactoryBuilderImpl.build(SessionFactoryBuilderImpl.java:462) ~[hibernate-core-5.4.8.Final.jar:5.4.8.Final]
	at org.hibernate.jpa.boot.internal.EntityManagerFactoryBuilderImpl.build(EntityManagerFactoryBuilderImpl.java:1249) ~[hibernate-core-5.4.8.Final.jar:5.4.8.Final]
	at org.springframework.orm.jpa.vendor.SpringHibernateJpaPersistenceProvider.createContainerEntityManagerFactory(SpringHibernateJpaPersistenceProvider.java:58) ~[spring-orm-5.2.1.RELEASE.jar:5.2.1.RELEASE]
	at org.springframework.orm.jpa.LocalContainerEntityManagerFactoryBean.createNativeEntityManagerFactory(LocalContainerEntityManagerFactoryBean.java:365) ~[spring-orm-5.2.1.RELEASE.jar:5.2.1.RELEASE]
	at org.springframework.orm.jpa.AbstractEntityManagerFactoryBean.buildNativeEntityManagerFactory(AbstractEntityManagerFactoryBean.java:391) ~[spring-orm-5.2.1.RELEASE.jar:5.2.1.RELEASE]
	... 25 common frames omitted

2020-04-10 14:42:57.865  INFO 2884 --- [restartedMain] by.bobruisk.homework.MainApplication     : Starting MainApplication on DESKTOP-V4GK2G9 with PID 2884 (D:\EclipseWorkspace\mySiteProject\target\classes started by spiralscout in D:\EclipseWorkspace\mySiteProject)
2020-04-10 14:42:57.870  INFO 2884 --- [restartedMain] by.bobruisk.homework.MainApplication     : No active profile set, falling back to default profiles: default
2020-04-10 14:42:57.958  INFO 2884 --- [restartedMain] o.s.b.devtools.restart.ChangeableUrls    : The Class-Path manifest attribute in C:\Users\spiralscout\.m2\repository\org\glassfish\jaxb\jaxb-runtime\2.3.2\jaxb-runtime-2.3.2.jar referenced one or more files that do not exist: file:/C:/Users/spiralscout/.m2/repository/org/glassfish/jaxb/jaxb-runtime/2.3.2/jakarta.xml.bind-api-2.3.2.jar,file:/C:/Users/spiralscout/.m2/repository/org/glassfish/jaxb/jaxb-runtime/2.3.2/txw2-2.3.2.jar,file:/C:/Users/spiralscout/.m2/repository/org/glassfish/jaxb/jaxb-runtime/2.3.2/istack-commons-runtime-3.0.8.jar,file:/C:/Users/spiralscout/.m2/repository/org/glassfish/jaxb/jaxb-runtime/2.3.2/stax-ex-1.8.1.jar,file:/C:/Users/spiralscout/.m2/repository/org/glassfish/jaxb/jaxb-runtime/2.3.2/FastInfoset-1.2.16.jar,file:/C:/Users/spiralscout/.m2/repository/org/glassfish/jaxb/jaxb-runtime/2.3.2/jakarta.activation-api-1.2.1.jar
2020-04-10 14:42:57.959  INFO 2884 --- [restartedMain] .e.DevToolsPropertyDefaultsPostProcessor : Devtools property defaults active! Set 'spring.devtools.add-properties' to 'false' to disable
2020-04-10 14:42:57.960  INFO 2884 --- [restartedMain] .e.DevToolsPropertyDefaultsPostProcessor : For additional web related logging consider setting the 'logging.level.web' property to 'DEBUG'
2020-04-10 14:42:58.920  INFO 2884 --- [restartedMain] .s.d.r.c.RepositoryConfigurationDelegate : Bootstrapping Spring Data repositories in DEFAULT mode.
2020-04-10 14:42:59.026  INFO 2884 --- [restartedMain] .s.d.r.c.RepositoryConfigurationDelegate : Finished Spring Data repository scanning in 99ms. Found 6 repository interfaces.
2020-04-10 14:42:59.417  INFO 2884 --- [restartedMain] trationDelegate$BeanPostProcessorChecker : Bean 'org.springframework.transaction.annotation.ProxyTransactionManagementConfiguration' of type [org.springframework.transaction.annotation.ProxyTransactionManagementConfiguration] is not eligible for getting processed by all BeanPostProcessors (for example: not eligible for auto-proxying)
2020-04-10 14:42:59.877  INFO 2884 --- [restartedMain] o.s.b.w.embedded.tomcat.TomcatWebServer  : Tomcat initialized with port(s): 8080 (http)
2020-04-10 14:42:59.887  INFO 2884 --- [restartedMain] o.apache.catalina.core.StandardService   : Starting service [Tomcat]
2020-04-10 14:42:59.887  INFO 2884 --- [restartedMain] org.apache.catalina.core.StandardEngine  : Starting Servlet engine: [Apache Tomcat/9.0.27]
2020-04-10 14:43:00.194  INFO 2884 --- [restartedMain] org.apache.jasper.servlet.TldScanner     : At least one JAR was scanned for TLDs yet contained no TLDs. Enable debug logging for this logger for a complete list of JARs that were scanned but no TLDs were found in them. Skipping unneeded JARs during scanning can improve startup time and JSP compilation time.
2020-04-10 14:43:00.210  INFO 2884 --- [restartedMain] o.a.c.c.C.[Tomcat].[localhost].[/]       : Initializing Spring embedded WebApplicationContext
2020-04-10 14:43:00.211  INFO 2884 --- [restartedMain] o.s.web.context.ContextLoader            : Root WebApplicationContext: initialization completed in 2251 ms
2020-04-10 14:43:00.391  INFO 2884 --- [restartedMain] o.hibernate.jpa.internal.util.LogHelper  : HHH000204: Processing PersistenceUnitInfo [name: default]
2020-04-10 14:43:00.462  INFO 2884 --- [restartedMain] org.hibernate.Version                    : HHH000412: Hibernate Core {5.4.8.Final}
2020-04-10 14:43:00.575  INFO 2884 --- [restartedMain] o.hibernate.annotations.common.Version   : HCANN000001: Hibernate Commons Annotations {5.1.0.Final}
2020-04-10 14:43:00.672  INFO 2884 --- [restartedMain] com.zaxxer.hikari.HikariDataSource       : HikariPool-1 - Starting...
2020-04-10 14:43:00.935  INFO 2884 --- [restartedMain] com.zaxxer.hikari.HikariDataSource       : HikariPool-1 - Start completed.
2020-04-10 14:43:00.946  INFO 2884 --- [restartedMain] org.hibernate.dialect.Dialect            : HHH000400: Using dialect: org.hibernate.dialect.MySQL5Dialect
2020-04-10 14:43:03.202  INFO 2884 --- [restartedMain] o.h.e.t.j.p.i.JtaPlatformInitiator       : HHH000490: Using JtaPlatform implementation: [org.hibernate.engine.transaction.jta.platform.internal.NoJtaPlatform]
2020-04-10 14:43:03.213  INFO 2884 --- [restartedMain] j.LocalContainerEntityManagerFactoryBean : Initialized JPA EntityManagerFactory for persistence unit 'default'
2020-04-10 14:43:03.263  INFO 2884 --- [restartedMain] o.s.b.d.a.OptionalLiveReloadServer       : LiveReload server is running on port 35729
2020-04-10 14:43:03.341  WARN 2884 --- [restartedMain] JpaBaseConfiguration$JpaWebConfiguration : spring.jpa.open-in-view is enabled by default. Therefore, database queries may be performed during view rendering. Explicitly configure spring.jpa.open-in-view to disable this warning
2020-04-10 14:43:04.152  INFO 2884 --- [restartedMain] o.s.s.web.DefaultSecurityFilterChain     : Creating filter chain: any request, [org.springframework.security.web.context.request.async.WebAsyncManagerIntegrationFilter@61a58f71, org.springframework.security.web.context.SecurityContextPersistenceFilter@e04fc65, org.springframework.security.web.header.HeaderWriterFilter@aa3536f, org.springframework.security.web.authentication.logout.LogoutFilter@5456e7dc, org.springframework.security.web.authentication.UsernamePasswordAuthenticationFilter@72af5298, org.springframework.security.web.authentication.ui.DefaultLoginPageGeneratingFilter@78949424, org.springframework.security.web.authentication.ui.DefaultLogoutPageGeneratingFilter@7c669e53, org.springframework.security.web.authentication.www.BasicAuthenticationFilter@6ef81539, org.springframework.security.web.savedrequest.RequestCacheAwareFilter@35ce3650, org.springframework.security.web.servletapi.SecurityContextHolderAwareRequestFilter@658f519f, org.springframework.security.web.authentication.AnonymousAuthenticationFilter@5f3ef812, org.springframework.security.web.session.SessionManagementFilter@1fd648f4, org.springframework.security.web.access.ExceptionTranslationFilter@6d21ff00, org.springframework.security.web.access.intercept.FilterSecurityInterceptor@4d66e186]
2020-04-10 14:43:04.333  INFO 2884 --- [restartedMain] o.s.s.concurrent.ThreadPoolTaskExecutor  : Initializing ExecutorService 'applicationTaskExecutor'
2020-04-10 14:43:04.444  INFO 2884 --- [restartedMain] o.s.b.a.w.s.WelcomePageHandlerMapping    : Adding welcome page template: index
2020-04-10 14:43:04.664  INFO 2884 --- [restartedMain] o.s.b.w.embedded.tomcat.TomcatWebServer  : Tomcat started on port(s): 8080 (http) with context path ''
2020-04-10 14:43:04.669  INFO 2884 --- [restartedMain] by.bobruisk.homework.MainApplication     : Started MainApplication in 7.395 seconds (JVM running for 9.393)
2020-04-10 14:43:17.354  INFO 2884 --- [http-nio-8080-exec-1] o.a.c.c.C.[Tomcat].[localhost].[/]       : Initializing Spring DispatcherServlet 'dispatcherServlet'
2020-04-10 14:43:17.356  INFO 2884 --- [http-nio-8080-exec-1] o.s.web.servlet.DispatcherServlet        : Initializing Servlet 'dispatcherServlet'
2020-04-10 14:43:17.374  INFO 2884 --- [http-nio-8080-exec-1] o.s.web.servlet.DispatcherServlet        : Completed initialization in 18 ms
2020-04-10 14:43:17.972  WARN 2884 --- [http-nio-8080-exec-1] o.a.c.util.SessionIdGeneratorBase        : Creation of SecureRandom instance for session ID generation using [SHA1PRNG] took [524] milliseconds.
2020-04-10 14:57:20.623  INFO 2884 --- [http-nio-8080-exec-6] b.b.h.c.OrganizationsController          : load organization page
2020-04-10 15:09:58.150  INFO 2884 --- [RMI TCP Connection(4)-127.0.0.1] inMXBeanRegistrar$SpringApplicationAdmin : Application shutdown requested.
2020-04-10 15:09:58.157  INFO 2884 --- [RMI TCP Connection(4)-127.0.0.1] o.s.s.concurrent.ThreadPoolTaskExecutor  : Shutting down ExecutorService 'applicationTaskExecutor'
2020-04-10 15:09:58.159  INFO 2884 --- [RMI TCP Connection(4)-127.0.0.1] j.LocalContainerEntityManagerFactoryBean : Closing JPA EntityManagerFactory for persistence unit 'default'
2020-04-10 15:09:58.168  INFO 2884 --- [RMI TCP Connection(4)-127.0.0.1] com.zaxxer.hikari.HikariDataSource       : HikariPool-1 - Shutdown initiated...
2020-04-10 15:09:58.185  INFO 2884 --- [RMI TCP Connection(4)-127.0.0.1] com.zaxxer.hikari.HikariDataSource       : HikariPool-1 - Shutdown completed.
2020-04-10 16:56:20.896  INFO 8576 --- [restartedMain] by.bobruisk.homework.MainApplication     : Starting MainApplication on DESKTOP-V4GK2G9 with PID 8576 (D:\EclipseWorkspace\mySiteProject\target\classes started by spiralscout in D:\EclipseWorkspace\mySiteProject)
2020-04-10 16:56:20.995  INFO 8576 --- [restartedMain] by.bobruisk.homework.MainApplication     : No active profile set, falling back to default profiles: default
2020-04-10 16:56:21.077  INFO 8576 --- [restartedMain] o.s.b.devtools.restart.ChangeableUrls    : The Class-Path manifest attribute in C:\Users\spiralscout\.m2\repository\org\glassfish\jaxb\jaxb-runtime\2.3.2\jaxb-runtime-2.3.2.jar referenced one or more files that do not exist: file:/C:/Users/spiralscout/.m2/repository/org/glassfish/jaxb/jaxb-runtime/2.3.2/jakarta.xml.bind-api-2.3.2.jar,file:/C:/Users/spiralscout/.m2/repository/org/glassfish/jaxb/jaxb-runtime/2.3.2/txw2-2.3.2.jar,file:/C:/Users/spiralscout/.m2/repository/org/glassfish/jaxb/jaxb-runtime/2.3.2/istack-commons-runtime-3.0.8.jar,file:/C:/Users/spiralscout/.m2/repository/org/glassfish/jaxb/jaxb-runtime/2.3.2/stax-ex-1.8.1.jar,file:/C:/Users/spiralscout/.m2/repository/org/glassfish/jaxb/jaxb-runtime/2.3.2/FastInfoset-1.2.16.jar,file:/C:/Users/spiralscout/.m2/repository/org/glassfish/jaxb/jaxb-runtime/2.3.2/jakarta.activation-api-1.2.1.jar
2020-04-10 16:56:21.078  INFO 8576 --- [restartedMain] .e.DevToolsPropertyDefaultsPostProcessor : Devtools property defaults active! Set 'spring.devtools.add-properties' to 'false' to disable
2020-04-10 16:56:21.078  INFO 8576 --- [restartedMain] .e.DevToolsPropertyDefaultsPostProcessor : For additional web related logging consider setting the 'logging.level.web' property to 'DEBUG'
2020-04-10 16:56:22.000  INFO 8576 --- [restartedMain] .s.d.r.c.RepositoryConfigurationDelegate : Bootstrapping Spring Data repositories in DEFAULT mode.
2020-04-10 16:56:22.128  INFO 8576 --- [restartedMain] .s.d.r.c.RepositoryConfigurationDelegate : Finished Spring Data repository scanning in 114ms. Found 6 repository interfaces.
2020-04-10 16:56:22.598  INFO 8576 --- [restartedMain] trationDelegate$BeanPostProcessorChecker : Bean 'org.springframework.transaction.annotation.ProxyTransactionManagementConfiguration' of type [org.springframework.transaction.annotation.ProxyTransactionManagementConfiguration] is not eligible for getting processed by all BeanPostProcessors (for example: not eligible for auto-proxying)
2020-04-10 16:56:23.073  INFO 8576 --- [restartedMain] o.s.b.w.embedded.tomcat.TomcatWebServer  : Tomcat initialized with port(s): 8080 (http)
2020-04-10 16:56:23.083  INFO 8576 --- [restartedMain] o.apache.catalina.core.StandardService   : Starting service [Tomcat]
2020-04-10 16:56:23.084  INFO 8576 --- [restartedMain] org.apache.catalina.core.StandardEngine  : Starting Servlet engine: [Apache Tomcat/9.0.27]
2020-04-10 16:56:23.519  INFO 8576 --- [restartedMain] org.apache.jasper.servlet.TldScanner     : At least one JAR was scanned for TLDs yet contained no TLDs. Enable debug logging for this logger for a complete list of JARs that were scanned but no TLDs were found in them. Skipping unneeded JARs during scanning can improve startup time and JSP compilation time.
2020-04-10 16:56:23.540  INFO 8576 --- [restartedMain] o.a.c.c.C.[Tomcat].[localhost].[/]       : Initializing Spring embedded WebApplicationContext
2020-04-10 16:56:23.540  INFO 8576 --- [restartedMain] o.s.web.context.ContextLoader            : Root WebApplicationContext: initialization completed in 2461 ms
2020-04-10 16:56:23.893  INFO 8576 --- [restartedMain] o.hibernate.jpa.internal.util.LogHelper  : HHH000204: Processing PersistenceUnitInfo [name: default]
2020-04-10 16:56:24.011  INFO 8576 --- [restartedMain] org.hibernate.Version                    : HHH000412: Hibernate Core {5.4.8.Final}
2020-04-10 16:56:24.231  INFO 8576 --- [restartedMain] o.hibernate.annotations.common.Version   : HCANN000001: Hibernate Commons Annotations {5.1.0.Final}
2020-04-10 16:56:24.368  INFO 8576 --- [restartedMain] com.zaxxer.hikari.HikariDataSource       : HikariPool-1 - Starting...
2020-04-10 16:56:24.722  INFO 8576 --- [restartedMain] com.zaxxer.hikari.HikariDataSource       : HikariPool-1 - Start completed.
2020-04-10 16:56:24.739  INFO 8576 --- [restartedMain] org.hibernate.dialect.Dialect            : HHH000400: Using dialect: org.hibernate.dialect.MySQL5Dialect
2020-04-10 16:56:27.213  INFO 8576 --- [restartedMain] o.h.e.t.j.p.i.JtaPlatformInitiator       : HHH000490: Using JtaPlatform implementation: [org.hibernate.engine.transaction.jta.platform.internal.NoJtaPlatform]
2020-04-10 16:56:27.226  INFO 8576 --- [restartedMain] j.LocalContainerEntityManagerFactoryBean : Initialized JPA EntityManagerFactory for persistence unit 'default'
2020-04-10 16:56:27.292  INFO 8576 --- [restartedMain] o.s.b.d.a.OptionalLiveReloadServer       : LiveReload server is running on port 35729
2020-04-10 16:56:27.361  WARN 8576 --- [restartedMain] JpaBaseConfiguration$JpaWebConfiguration : spring.jpa.open-in-view is enabled by default. Therefore, database queries may be performed during view rendering. Explicitly configure spring.jpa.open-in-view to disable this warning
2020-04-10 16:56:28.298  INFO 8576 --- [restartedMain] o.s.s.web.DefaultSecurityFilterChain     : Creating filter chain: any request, [org.springframework.security.web.context.request.async.WebAsyncManagerIntegrationFilter@3ffd56dc, org.springframework.security.web.context.SecurityContextPersistenceFilter@2fcda6b, org.springframework.security.web.header.HeaderWriterFilter@5beed4fe, org.springframework.security.web.authentication.logout.LogoutFilter@4be3fa1a, org.springframework.security.web.authentication.UsernamePasswordAuthenticationFilter@17d353ec, org.springframework.security.web.authentication.ui.DefaultLoginPageGeneratingFilter@36da640d, org.springframework.security.web.authentication.ui.DefaultLogoutPageGeneratingFilter@2ec17ed1, org.springframework.security.web.authentication.www.BasicAuthenticationFilter@302942dc, org.springframework.security.web.savedrequest.RequestCacheAwareFilter@3273033a, org.springframework.security.web.servletapi.SecurityContextHolderAwareRequestFilter@1b3aca40, org.springframework.security.web.authentication.AnonymousAuthenticationFilter@f681558, org.springframework.security.web.session.SessionManagementFilter@e6c411, org.springframework.security.web.access.ExceptionTranslationFilter@767475a0, org.springframework.security.web.access.intercept.FilterSecurityInterceptor@5bfdf315]
2020-04-10 16:56:28.499  INFO 8576 --- [restartedMain] o.s.s.concurrent.ThreadPoolTaskExecutor  : Initializing ExecutorService 'applicationTaskExecutor'
2020-04-10 16:56:28.599  INFO 8576 --- [restartedMain] o.s.b.a.w.s.WelcomePageHandlerMapping    : Adding welcome page template: index
2020-04-10 16:56:29.015  INFO 8576 --- [restartedMain] o.s.b.w.embedded.tomcat.TomcatWebServer  : Tomcat started on port(s): 8080 (http) with context path ''
2020-04-10 16:56:29.020  INFO 8576 --- [restartedMain] by.bobruisk.homework.MainApplication     : Started MainApplication in 8.65 seconds (JVM running for 10.533)
2020-04-10 17:01:00.468  INFO 8576 --- [Thread-4] o.s.s.concurrent.ThreadPoolTaskExecutor  : Shutting down ExecutorService 'applicationTaskExecutor'
2020-04-10 17:01:00.472  INFO 8576 --- [Thread-4] j.LocalContainerEntityManagerFactoryBean : Closing JPA EntityManagerFactory for persistence unit 'default'
2020-04-10 17:01:00.479  INFO 8576 --- [Thread-4] com.zaxxer.hikari.HikariDataSource       : HikariPool-1 - Shutdown initiated...
2020-04-10 17:01:00.493  INFO 8576 --- [Thread-4] com.zaxxer.hikari.HikariDataSource       : HikariPool-1 - Shutdown completed.
2020-04-10 17:01:04.042  INFO 8576 --- [restartedMain] by.bobruisk.homework.MainApplication     : Starting MainApplication on DESKTOP-V4GK2G9 with PID 8576 (D:\EclipseWorkspace\mySiteProject\target\classes started by spiralscout in D:\EclipseWorkspace\mySiteProject)
2020-04-10 17:01:04.043  INFO 8576 --- [restartedMain] by.bobruisk.homework.MainApplication     : No active profile set, falling back to default profiles: default
2020-04-10 17:01:04.374  INFO 8576 --- [restartedMain] .s.d.r.c.RepositoryConfigurationDelegate : Bootstrapping Spring Data repositories in DEFAULT mode.
2020-04-10 17:01:04.417  INFO 8576 --- [restartedMain] .s.d.r.c.RepositoryConfigurationDelegate : Finished Spring Data repository scanning in 42ms. Found 6 repository interfaces.
2020-04-10 17:01:04.573  INFO 8576 --- [restartedMain] trationDelegate$BeanPostProcessorChecker : Bean 'org.springframework.transaction.annotation.ProxyTransactionManagementConfiguration' of type [org.springframework.transaction.annotation.ProxyTransactionManagementConfiguration] is not eligible for getting processed by all BeanPostProcessors (for example: not eligible for auto-proxying)
2020-04-10 17:01:04.649  WARN 8576 --- [restartedMain] org.apache.tomcat.util.modeler.Registry  : The MBean registry cannot be disabled because it has already been initialised
2020-04-10 17:01:04.696  INFO 8576 --- [restartedMain] o.s.b.w.embedded.tomcat.TomcatWebServer  : Tomcat initialized with port(s): 8080 (http)
2020-04-10 17:01:04.698  INFO 8576 --- [restartedMain] o.apache.catalina.core.StandardService   : Starting service [Tomcat]
2020-04-10 17:01:04.698  INFO 8576 --- [restartedMain] org.apache.catalina.core.StandardEngine  : Starting Servlet engine: [Apache Tomcat/9.0.27]
2020-04-10 17:01:04.868  INFO 8576 --- [restartedMain] org.apache.jasper.servlet.TldScanner     : At least one JAR was scanned for TLDs yet contained no TLDs. Enable debug logging for this logger for a complete list of JARs that were scanned but no TLDs were found in them. Skipping unneeded JARs during scanning can improve startup time and JSP compilation time.
2020-04-10 17:01:04.873  INFO 8576 --- [restartedMain] o.a.c.c.C.[Tomcat-1].[localhost].[/]     : Initializing Spring embedded WebApplicationContext
2020-04-10 17:01:04.873  INFO 8576 --- [restartedMain] o.s.web.context.ContextLoader            : Root WebApplicationContext: initialization completed in 824 ms
2020-04-10 17:01:04.952  INFO 8576 --- [restartedMain] o.hibernate.jpa.internal.util.LogHelper  : HHH000204: Processing PersistenceUnitInfo [name: default]
2020-04-10 17:01:04.964  INFO 8576 --- [restartedMain] com.zaxxer.hikari.HikariDataSource       : HikariPool-2 - Starting...
2020-04-10 17:01:04.971  INFO 8576 --- [restartedMain] com.zaxxer.hikari.HikariDataSource       : HikariPool-2 - Start completed.
2020-04-10 17:01:04.971  INFO 8576 --- [restartedMain] org.hibernate.dialect.Dialect            : HHH000400: Using dialect: org.hibernate.dialect.MySQL5Dialect
2020-04-10 17:01:06.036  INFO 8576 --- [restartedMain] o.h.e.t.j.p.i.JtaPlatformInitiator       : HHH000490: Using JtaPlatform implementation: [org.hibernate.engine.transaction.jta.platform.internal.NoJtaPlatform]
2020-04-10 17:01:06.036  INFO 8576 --- [restartedMain] j.LocalContainerEntityManagerFactoryBean : Initialized JPA EntityManagerFactory for persistence unit 'default'
2020-04-10 17:01:06.057  INFO 8576 --- [restartedMain] o.s.b.d.a.OptionalLiveReloadServer       : LiveReload server is running on port 35729
2020-04-10 17:01:06.094  WARN 8576 --- [restartedMain] JpaBaseConfiguration$JpaWebConfiguration : spring.jpa.open-in-view is enabled by default. Therefore, database queries may be performed during view rendering. Explicitly configure spring.jpa.open-in-view to disable this warning
2020-04-10 17:01:06.371  INFO 8576 --- [restartedMain] o.s.s.web.DefaultSecurityFilterChain     : Creating filter chain: any request, [org.springframework.security.web.context.request.async.WebAsyncManagerIntegrationFilter@646340cc, org.springframework.security.web.context.SecurityContextPersistenceFilter@b7de0cd, org.springframework.security.web.header.HeaderWriterFilter@61fba3a2, org.springframework.security.web.authentication.logout.LogoutFilter@16af23b5, org.springframework.security.web.authentication.UsernamePasswordAuthenticationFilter@b66ca7c, org.springframework.security.web.authentication.ui.DefaultLoginPageGeneratingFilter@c4cbfa8, org.springframework.security.web.authentication.ui.DefaultLogoutPageGeneratingFilter@3a0a0978, org.springframework.security.web.authentication.www.BasicAuthenticationFilter@2646ee1f, org.springframework.security.web.savedrequest.RequestCacheAwareFilter@278b213a, org.springframework.security.web.servletapi.SecurityContextHolderAwareRequestFilter@1bd160da, org.springframework.security.web.authentication.AnonymousAuthenticationFilter@782116f, org.springframework.security.web.session.SessionManagementFilter@52b8a65e, org.springframework.security.web.access.ExceptionTranslationFilter@780a8a02, org.springframework.security.web.access.intercept.FilterSecurityInterceptor@572132da]
2020-04-10 17:01:06.438  INFO 8576 --- [restartedMain] o.s.s.concurrent.ThreadPoolTaskExecutor  : Initializing ExecutorService 'applicationTaskExecutor'
2020-04-10 17:01:06.463  INFO 8576 --- [restartedMain] o.s.b.a.w.s.WelcomePageHandlerMapping    : Adding welcome page template: index
2020-04-10 17:01:06.557  INFO 8576 --- [restartedMain] o.s.b.w.embedded.tomcat.TomcatWebServer  : Tomcat started on port(s): 8080 (http) with context path ''
2020-04-10 17:01:06.558  INFO 8576 --- [restartedMain] by.bobruisk.homework.MainApplication     : Started MainApplication in 2.56 seconds (JVM running for 288.071)
2020-04-10 17:01:06.561  INFO 8576 --- [restartedMain] .ConditionEvaluationDeltaLoggingListener : Condition evaluation unchanged
2020-04-10 17:02:08.387  INFO 8576 --- [http-nio-8080-exec-1] o.a.c.c.C.[Tomcat-1].[localhost].[/]     : Initializing Spring DispatcherServlet 'dispatcherServlet'
2020-04-10 17:02:08.389  INFO 8576 --- [http-nio-8080-exec-1] o.s.web.servlet.DispatcherServlet        : Initializing Servlet 'dispatcherServlet'
2020-04-10 17:02:08.405  INFO 8576 --- [http-nio-8080-exec-1] o.s.web.servlet.DispatcherServlet        : Completed initialization in 15 ms
2020-04-10 17:02:08.944  WARN 8576 --- [http-nio-8080-exec-1] o.a.c.util.SessionIdGeneratorBase        : Creation of SecureRandom instance for session ID generation using [SHA1PRNG] took [475] milliseconds.
2020-04-10 17:03:14.453  INFO 8576 --- [Thread-8] o.s.s.concurrent.ThreadPoolTaskExecutor  : Shutting down ExecutorService 'applicationTaskExecutor'
2020-04-10 17:03:14.456  INFO 8576 --- [Thread-8] j.LocalContainerEntityManagerFactoryBean : Closing JPA EntityManagerFactory for persistence unit 'default'
2020-04-10 17:03:14.458  INFO 8576 --- [Thread-8] com.zaxxer.hikari.HikariDataSource       : HikariPool-2 - Shutdown initiated...
2020-04-10 17:03:14.462  INFO 8576 --- [Thread-8] com.zaxxer.hikari.HikariDataSource       : HikariPool-2 - Shutdown completed.
2020-04-10 17:03:15.319  INFO 8576 --- [restartedMain] by.bobruisk.homework.MainApplication     : Starting MainApplication on DESKTOP-V4GK2G9 with PID 8576 (D:\EclipseWorkspace\mySiteProject\target\classes started by spiralscout in D:\EclipseWorkspace\mySiteProject)
2020-04-10 17:03:15.319  INFO 8576 --- [restartedMain] by.bobruisk.homework.MainApplication     : No active profile set, falling back to default profiles: default
2020-04-10 17:03:15.641  INFO 8576 --- [restartedMain] .s.d.r.c.RepositoryConfigurationDelegate : Bootstrapping Spring Data repositories in DEFAULT mode.
2020-04-10 17:03:15.679  INFO 8576 --- [restartedMain] .s.d.r.c.RepositoryConfigurationDelegate : Finished Spring Data repository scanning in 38ms. Found 6 repository interfaces.
2020-04-10 17:03:15.790  INFO 8576 --- [restartedMain] trationDelegate$BeanPostProcessorChecker : Bean 'org.springframework.transaction.annotation.ProxyTransactionManagementConfiguration' of type [org.springframework.transaction.annotation.ProxyTransactionManagementConfiguration] is not eligible for getting processed by all BeanPostProcessors (for example: not eligible for auto-proxying)
2020-04-10 17:03:15.847  WARN 8576 --- [restartedMain] org.apache.tomcat.util.modeler.Registry  : The MBean registry cannot be disabled because it has already been initialised
2020-04-10 17:03:15.879  INFO 8576 --- [restartedMain] o.s.b.w.embedded.tomcat.TomcatWebServer  : Tomcat initialized with port(s): 8080 (http)
2020-04-10 17:03:15.882  INFO 8576 --- [restartedMain] o.apache.catalina.core.StandardService   : Starting service [Tomcat]
2020-04-10 17:03:15.882  INFO 8576 --- [restartedMain] org.apache.catalina.core.StandardEngine  : Starting Servlet engine: [Apache Tomcat/9.0.27]
2020-04-10 17:03:16.108  INFO 8576 --- [restartedMain] org.apache.jasper.servlet.TldScanner     : At least one JAR was scanned for TLDs yet contained no TLDs. Enable debug logging for this logger for a complete list of JARs that were scanned but no TLDs were found in them. Skipping unneeded JARs during scanning can improve startup time and JSP compilation time.
2020-04-10 17:03:16.118  INFO 8576 --- [restartedMain] o.a.c.c.C.[Tomcat-1].[localhost].[/]     : Initializing Spring embedded WebApplicationContext
2020-04-10 17:03:16.119  INFO 8576 --- [restartedMain] o.s.web.context.ContextLoader            : Root WebApplicationContext: initialization completed in 796 ms
2020-04-10 17:03:16.282  INFO 8576 --- [restartedMain] o.hibernate.jpa.internal.util.LogHelper  : HHH000204: Processing PersistenceUnitInfo [name: default]
2020-04-10 17:03:16.299  INFO 8576 --- [restartedMain] com.zaxxer.hikari.HikariDataSource       : HikariPool-3 - Starting...
2020-04-10 17:03:16.309  INFO 8576 --- [restartedMain] com.zaxxer.hikari.HikariDataSource       : HikariPool-3 - Start completed.
2020-04-10 17:03:16.310  INFO 8576 --- [restartedMain] org.hibernate.dialect.Dialect            : HHH000400: Using dialect: org.hibernate.dialect.MySQL5Dialect
2020-04-10 17:03:18.284  INFO 8576 --- [restartedMain] o.h.e.t.j.p.i.JtaPlatformInitiator       : HHH000490: Using JtaPlatform implementation: [org.hibernate.engine.transaction.jta.platform.internal.NoJtaPlatform]
2020-04-10 17:03:18.285  INFO 8576 --- [restartedMain] j.LocalContainerEntityManagerFactoryBean : Initialized JPA EntityManagerFactory for persistence unit 'default'
2020-04-10 17:03:18.313  INFO 8576 --- [restartedMain] o.s.b.d.a.OptionalLiveReloadServer       : LiveReload server is running on port 35729
2020-04-10 17:03:18.352  WARN 8576 --- [restartedMain] JpaBaseConfiguration$JpaWebConfiguration : spring.jpa.open-in-view is enabled by default. Therefore, database queries may be performed during view rendering. Explicitly configure spring.jpa.open-in-view to disable this warning
2020-04-10 17:03:18.745  INFO 8576 --- [restartedMain] o.s.s.web.DefaultSecurityFilterChain     : Creating filter chain: any request, [org.springframework.security.web.context.request.async.WebAsyncManagerIntegrationFilter@6657ee09, org.springframework.security.web.context.SecurityContextPersistenceFilter@7e73ec95, org.springframework.security.web.header.HeaderWriterFilter@78c94543, org.springframework.security.web.authentication.logout.LogoutFilter@2ad1abaa, org.springframework.security.web.authentication.UsernamePasswordAuthenticationFilter@3563afa9, org.springframework.security.web.authentication.ui.DefaultLoginPageGeneratingFilter@6729fdc9, org.springframework.security.web.authentication.ui.DefaultLogoutPageGeneratingFilter@405c5333, org.springframework.security.web.authentication.www.BasicAuthenticationFilter@61fd4c3f, org.springframework.security.web.savedrequest.RequestCacheAwareFilter@503f83b7, org.springframework.security.web.servletapi.SecurityContextHolderAwareRequestFilter@62ee27ae, org.springframework.security.web.authentication.AnonymousAuthenticationFilter@686ab276, org.springframework.security.web.session.SessionManagementFilter@1a63f43e, org.springframework.security.web.access.ExceptionTranslationFilter@2171f26e, org.springframework.security.web.access.intercept.FilterSecurityInterceptor@754a7cec]
2020-04-10 17:03:18.839  INFO 8576 --- [restartedMain] o.s.s.concurrent.ThreadPoolTaskExecutor  : Initializing ExecutorService 'applicationTaskExecutor'
2020-04-10 17:03:18.874  INFO 8576 --- [restartedMain] o.s.b.a.w.s.WelcomePageHandlerMapping    : Adding welcome page template: index
2020-04-10 17:03:19.006  INFO 8576 --- [restartedMain] o.s.b.w.embedded.tomcat.TomcatWebServer  : Tomcat started on port(s): 8080 (http) with context path ''
2020-04-10 17:03:19.006  INFO 8576 --- [http-nio-8080-exec-1] o.a.c.c.C.[Tomcat-1].[localhost].[/]     : Initializing Spring DispatcherServlet 'dispatcherServlet'
2020-04-10 17:03:19.008  INFO 8576 --- [http-nio-8080-exec-1] o.s.web.servlet.DispatcherServlet        : Initializing Servlet 'dispatcherServlet'
2020-04-10 17:03:19.010  INFO 8576 --- [restartedMain] by.bobruisk.homework.MainApplication     : Started MainApplication in 3.739 seconds (JVM running for 420.523)
2020-04-10 17:03:19.014  INFO 8576 --- [restartedMain] .ConditionEvaluationDeltaLoggingListener : Condition evaluation unchanged
2020-04-10 17:03:19.014  INFO 8576 --- [http-nio-8080-exec-1] o.s.web.servlet.DispatcherServlet        : Completed initialization in 5 ms
2020-04-10 17:11:18.377  INFO 8576 --- [Thread-16] o.s.s.concurrent.ThreadPoolTaskExecutor  : Shutting down ExecutorService 'applicationTaskExecutor'
2020-04-10 17:11:18.380  INFO 8576 --- [Thread-16] j.LocalContainerEntityManagerFactoryBean : Closing JPA EntityManagerFactory for persistence unit 'default'
2020-04-10 17:11:18.383  INFO 8576 --- [Thread-16] com.zaxxer.hikari.HikariDataSource       : HikariPool-3 - Shutdown initiated...
2020-04-10 17:11:18.398  INFO 8576 --- [Thread-16] com.zaxxer.hikari.HikariDataSource       : HikariPool-3 - Shutdown completed.
2020-04-10 17:11:18.921  INFO 8576 --- [restartedMain] by.bobruisk.homework.MainApplication     : Starting MainApplication on DESKTOP-V4GK2G9 with PID 8576 (D:\EclipseWorkspace\mySiteProject\target\classes started by spiralscout in D:\EclipseWorkspace\mySiteProject)
2020-04-10 17:11:18.921  INFO 8576 --- [restartedMain] by.bobruisk.homework.MainApplication     : No active profile set, falling back to default profiles: default
2020-04-10 17:11:19.183  INFO 8576 --- [restartedMain] .s.d.r.c.RepositoryConfigurationDelegate : Bootstrapping Spring Data repositories in DEFAULT mode.
2020-04-10 17:11:19.214  INFO 8576 --- [restartedMain] .s.d.r.c.RepositoryConfigurationDelegate : Finished Spring Data repository scanning in 30ms. Found 6 repository interfaces.
2020-04-10 17:11:19.312  INFO 8576 --- [restartedMain] trationDelegate$BeanPostProcessorChecker : Bean 'org.springframework.transaction.annotation.ProxyTransactionManagementConfiguration' of type [org.springframework.transaction.annotation.ProxyTransactionManagementConfiguration] is not eligible for getting processed by all BeanPostProcessors (for example: not eligible for auto-proxying)
2020-04-10 17:11:19.348  WARN 8576 --- [restartedMain] org.apache.tomcat.util.modeler.Registry  : The MBean registry cannot be disabled because it has already been initialised
2020-04-10 17:11:19.385  INFO 8576 --- [restartedMain] o.s.b.w.embedded.tomcat.TomcatWebServer  : Tomcat initialized with port(s): 8080 (http)
2020-04-10 17:11:19.387  INFO 8576 --- [restartedMain] o.apache.catalina.core.StandardService   : Starting service [Tomcat]
2020-04-10 17:11:19.388  INFO 8576 --- [restartedMain] org.apache.catalina.core.StandardEngine  : Starting Servlet engine: [Apache Tomcat/9.0.27]
2020-04-10 17:11:19.525  INFO 8576 --- [restartedMain] org.apache.jasper.servlet.TldScanner     : At least one JAR was scanned for TLDs yet contained no TLDs. Enable debug logging for this logger for a complete list of JARs that were scanned but no TLDs were found in them. Skipping unneeded JARs during scanning can improve startup time and JSP compilation time.
2020-04-10 17:11:19.530  INFO 8576 --- [restartedMain] o.a.c.c.C.[Tomcat-1].[localhost].[/]     : Initializing Spring embedded WebApplicationContext
2020-04-10 17:11:19.530  INFO 8576 --- [restartedMain] o.s.web.context.ContextLoader            : Root WebApplicationContext: initialization completed in 605 ms
2020-04-10 17:11:19.612  INFO 8576 --- [restartedMain] o.hibernate.jpa.internal.util.LogHelper  : HHH000204: Processing PersistenceUnitInfo [name: default]
2020-04-10 17:11:19.622  INFO 8576 --- [restartedMain] com.zaxxer.hikari.HikariDataSource       : HikariPool-4 - Starting...
2020-04-10 17:11:19.630  INFO 8576 --- [restartedMain] com.zaxxer.hikari.HikariDataSource       : HikariPool-4 - Start completed.
2020-04-10 17:11:19.631  INFO 8576 --- [restartedMain] org.hibernate.dialect.Dialect            : HHH000400: Using dialect: org.hibernate.dialect.MySQL5Dialect
2020-04-10 17:11:21.090  INFO 8576 --- [restartedMain] o.h.e.t.j.p.i.JtaPlatformInitiator       : HHH000490: Using JtaPlatform implementation: [org.hibernate.engine.transaction.jta.platform.internal.NoJtaPlatform]
2020-04-10 17:11:21.090  INFO 8576 --- [restartedMain] j.LocalContainerEntityManagerFactoryBean : Initialized JPA EntityManagerFactory for persistence unit 'default'
2020-04-10 17:11:21.114  INFO 8576 --- [restartedMain] o.s.b.d.a.OptionalLiveReloadServer       : LiveReload server is running on port 35729
2020-04-10 17:11:21.156  WARN 8576 --- [restartedMain] JpaBaseConfiguration$JpaWebConfiguration : spring.jpa.open-in-view is enabled by default. Therefore, database queries may be performed during view rendering. Explicitly configure spring.jpa.open-in-view to disable this warning
2020-04-10 17:11:21.518  INFO 8576 --- [restartedMain] o.s.s.web.DefaultSecurityFilterChain     : Creating filter chain: any request, [org.springframework.security.web.context.request.async.WebAsyncManagerIntegrationFilter@2fbb7890, org.springframework.security.web.context.SecurityContextPersistenceFilter@1eb30f6c, org.springframework.security.web.header.HeaderWriterFilter@4b05ee09, org.springframework.security.web.authentication.logout.LogoutFilter@23004f1f, org.springframework.security.web.authentication.UsernamePasswordAuthenticationFilter@20e292c6, org.springframework.security.web.authentication.ui.DefaultLoginPageGeneratingFilter@7ffb2133, org.springframework.security.web.authentication.ui.DefaultLogoutPageGeneratingFilter@521ff2b0, org.springframework.security.web.authentication.www.BasicAuthenticationFilter@48a7ccbb, org.springframework.security.web.savedrequest.RequestCacheAwareFilter@335d2650, org.springframework.security.web.servletapi.SecurityContextHolderAwareRequestFilter@574ce394, org.springframework.security.web.authentication.AnonymousAuthenticationFilter@66df2e97, org.springframework.security.web.session.SessionManagementFilter@34638f89, org.springframework.security.web.access.ExceptionTranslationFilter@76cb6113, org.springframework.security.web.access.intercept.FilterSecurityInterceptor@172d5e81]
2020-04-10 17:11:21.582  INFO 8576 --- [restartedMain] o.s.s.concurrent.ThreadPoolTaskExecutor  : Initializing ExecutorService 'applicationTaskExecutor'
2020-04-10 17:11:21.610  INFO 8576 --- [restartedMain] o.s.b.a.w.s.WelcomePageHandlerMapping    : Adding welcome page template: index
2020-04-10 17:11:21.696  INFO 8576 --- [restartedMain] o.s.b.w.embedded.tomcat.TomcatWebServer  : Tomcat started on port(s): 8080 (http) with context path ''
2020-04-10 17:11:21.697  INFO 8576 --- [restartedMain] by.bobruisk.homework.MainApplication     : Started MainApplication in 2.816 seconds (JVM running for 903.211)
2020-04-10 17:11:21.699  INFO 8576 --- [restartedMain] .ConditionEvaluationDeltaLoggingListener : Condition evaluation unchanged
2020-04-10 17:12:04.225  INFO 8576 --- [RMI TCP Connection(2)-127.0.0.1] inMXBeanRegistrar$SpringApplicationAdmin : Application shutdown requested.
2020-04-10 17:12:04.231  INFO 8576 --- [RMI TCP Connection(2)-127.0.0.1] o.s.s.concurrent.ThreadPoolTaskExecutor  : Shutting down ExecutorService 'applicationTaskExecutor'
2020-04-10 17:12:04.232  INFO 8576 --- [RMI TCP Connection(2)-127.0.0.1] j.LocalContainerEntityManagerFactoryBean : Closing JPA EntityManagerFactory for persistence unit 'default'
2020-04-10 17:12:04.234  INFO 8576 --- [RMI TCP Connection(2)-127.0.0.1] com.zaxxer.hikari.HikariDataSource       : HikariPool-4 - Shutdown initiated...
2020-04-10 17:12:04.247  INFO 8576 --- [RMI TCP Connection(2)-127.0.0.1] com.zaxxer.hikari.HikariDataSource       : HikariPool-4 - Shutdown completed.
